<?xml version="1.0" encoding="UTF-8"?>
<testsuite xmlns:xsi="http://www.w3.org/2001/XMLSchema-instance" xsi:noNamespaceSchemaLocation="https://maven.apache.org/surefire/maven-surefire-plugin/xsd/surefire-test-report-3.0.xsd" version="3.0" name="io.helidon.examples.quickstart.mp.MainTest" time="2.837" tests="5" errors="0" skipped="0" failures="0">
  <properties>
[...]
</properties>
  <testcase name="testGreetings" classname="io.helidon.examples.quickstart.mp.MainTest" time="0.365">
    <system-out><![CDATA[2023.05.07 22:32:13 INFO io.helidon.common.LogConfig Thread[main,5,main]: Logging at initialization configured using /home/lkwid/Projects/helidon-quickstart-mp/target/classes/logging.properties
2023.05.07 22:32:13 INFO io.helidon.microprofile.server.ServerCdiExtension Thread[main,5,main]: Registering JAX-RS Application: HelidonMP
2023.05.07 22:32:14 INFO io.helidon.webserver.NettyWebServer Thread[nioEventLoopGroup-2-1,10,main]: Channel '@default' started: [id: 0xe569af9f, L:/[0:0:0:0:0:0:0:0]:39099]
2023.05.07 22:32:14 INFO io.helidon.microprofile.server.ServerCdiExtension Thread[main,5,main]: Server started on http://localhost:39099 (and all other host addresses) in 2626 milliseconds (since JVM startup).
2023.05.07 22:32:14 INFO io.helidon.common.HelidonFeatures Thread[features-thread,5,main]: Helidon MP 3.2.1 features: [CDI, Config, Health, JAX-RS, Metrics, Open API, Server]
]]></system-out>
  </testcase>
  <testcase name="testGreet" classname="io.helidon.examples.quickstart.mp.MainTest" time="0.024"/>
  <testcase name="testMetrics" classname="io.helidon.examples.quickstart.mp.MainTest" time="0.035"/>
  <testcase name="testHealth" classname="io.helidon.examples.quickstart.mp.MainTest" time="0.026"/>
  <testcase name="testMicroprofileMetrics" classname="io.helidon.examples.quickstart.mp.MainTest" time="0.029"/>
</testsuite>